<?xml version="1.0" encoding="UTF-8"?>
<!-- Generated by org.testng.reporters.JUnitXMLReporter -->
<testsuite hostname="DESKTOP-0ROPM66" ignored="4" name="Default test(failed)" tests="1" failures="1" timestamp="29 Jul 2021 17:15:47 GMT" time="54.013" errors="0">
  <testcase name="noOfElementsInHomePage" time="0.012" classname="test2.LeafGroundTest1">
    <failure type="java.lang.AssertionError" message="null">
      <![CDATA[java.lang.AssertionError: null
at test2.LeafGroundTest1.noOfElementsInHomePage(LeafGroundTest1.java:23)
... Removed 27 stack frames]]>
    </failure>
  </testcase> <!-- noOfElementsInHomePage -->
  <testcase name="dropDownTest" time="0.0" classname="test2.LeafGroundTest1">
    <ignored/>
  </testcase> <!-- dropDownTest -->
  <testcase name="linksTest" time="0.0" classname="test2.LeafGroundTest1">
    <ignored/>
  </testcase> <!-- linksTest -->
  <testcase name="textBoxTest" time="0.0" classname="test2.LeafGroundTest1">
    <ignored/>
  </testcase> <!-- textBoxTest -->
  <testcase name="buttonTest" time="0.0" classname="test2.LeafGroundTest1">
    <ignored/>
  </testcase> <!-- buttonTest -->
</testsuite> <!-- Default test(failed) -->
